NodeId : 2
NodeInfo : localhost:5231
Neighbors : [1, 0, 3]
NodeMap : {0=localhost:3332
, 1=localhost:5678
, 2=localhost:5231
, 3=localhost:3342
}
Connected : 0
Connected : 1
Trying to connect 3 - localhost:3342

Connected successfully : 3
Marker msg received from 0... BROADCAST
Expecting replies = 2
Marker msg received from 1... IGNORE
Marker msg received from 3... IGNORE
Received ignored reply from 3
Received ignored reply from 1
Received expected number of replies
Send snapshot reply to 0
Message==> Id : 2 Payload : [Id : 2 VectorClock : [ 1 0 1 0 ] SentMsgCount : 0 ReceivedMsgCount : 1] Type : LOCAL_STATE
Active - true
Sent message to 0 SentMessageCount : 1
Sent message to 3 SentMessageCount : 2
Sent message to 0 SentMessageCount : 3
Sent message to 0 SentMessageCount : 4
Sent message to 3 SentMessageCount : 5
Sent message to 3 SentMessageCount : 6
Sent message to 3 SentMessageCount : 7
Sent message to 1 SentMessageCount : 8
Turning passive...
Sent message to 0 SentMessageCount : 9
Sent message to 3 SentMessageCount : 10
Sent message to 1 SentMessageCount : 11
Sent message to 0 SentMessageCount : 12
Sent message to 0 SentMessageCount : 13
Marker msg received from 0... BROADCAST
Expecting replies = 2
Marker msg received from 1... IGNORE
Marker msg received from 3... IGNORE
Received ignored reply from 1
Received ignored reply from 3
Received expected number of replies
Send snapshot reply to 0
Message==> Id : 2 Payload : [Id : 2 VectorClock : [ 24 22 29 18 ] SentMsgCount : 13 ReceivedMsgCount : 16] Type : LOCAL_STATE
Sent message to 1 SentMessageCount : 14
Turning passive...
Marker msg received from 0... BROADCAST
Expecting replies = 2
Marker msg received from 3... IGNORE
Adding received payload => [Id : 1 VectorClock : [ 24 24 30 18 ] SentMsgCount : 15 ReceivedMsgCount : 9]
Received ignored reply from 3
Received expected number of replies
Send snapshot reply to 0
Message==> Id : 2 Payload : [Id : 1 VectorClock : [ 24 24 30 18 ] SentMsgCount : 15 ReceivedMsgCount : 9, Id : 2 VectorClock : [ 24 22 30 18 ] SentMsgCount : 14 ReceivedMsgCount : 16] Type : LOCAL_STATE
