NodeId : 3
NodeInfo : localhost:3342
Neighbors : [1, 2, 0]
NodeMap : {0=localhost:3332
, 1=localhost:5678
, 2=localhost:5231
, 3=localhost:3342
}
Connected : 0
Connected : 1
Connected : 2
Marker msg received from 0... BROADCAST
Expecting replies = 2
Marker msg received from 1... IGNORE
Marker msg received from 2... IGNORE
Received ignored reply from 2
Received ignored reply from 1
Received expected number of replies
Send snapshot reply to 0
Message==> Id : 3 Payload : [Id : 3 VectorClock : [ 0 0 0 0 ] SentMsgCount : 0 ReceivedMsgCount : 0] Type : LOCAL_STATE
Active - true
Sent message to 0 SentMessageCount : 1
Sent message to 2 SentMessageCount : 2
Sent message to 1 SentMessageCount : 3
Sent message to 2 SentMessageCount : 4
Sent message to 2 SentMessageCount : 5
Sent message to 0 SentMessageCount : 6
Sent message to 0 SentMessageCount : 7
Marker msg received from 0... BROADCAST
Expecting replies = 2
Marker msg received from 1... IGNORE
Marker msg received from 2... IGNORE
Received ignored reply from 2
Received ignored reply from 1
Received expected number of replies
Send snapshot reply to 0
Message==> Id : 3 Payload : [Id : 3 VectorClock : [ 22 19 23 20 ] SentMsgCount : 7 ReceivedMsgCount : 13] Type : LOCAL_STATE
Turning passive...
Marker msg received from 0... BROADCAST
Expecting replies = 2
Marker msg received from 1... IGNORE
Received ignored reply from 1
Marker msg received from 2... IGNORE
Received ignored reply from 2
Received expected number of replies
Send snapshot reply to 0
Message==> Id : 3 Payload : [Id : 3 VectorClock : [ 22 19 23 20 ] SentMsgCount : 7 ReceivedMsgCount : 13] Type : LOCAL_STATE
